c:\github\openglworld\openglproject\openglproject\x64\debug\vc143.pdb
c:\github\openglworld\openglproject\openglproject\x64\debug\vc143.idb
c:\github\openglworld\openglproject\openglproject\x64\debug\main.obj
c:\github\openglworld\openglproject\openglproject\x64\debug\camera.obj
c:\github\openglworld\openglproject\openglproject\x64\debug\glad.obj
c:\github\openglworld\openglproject\openglproject\x64\debug\window.obj
c:\github\openglworld\openglproject\openglproject\x64\debug\shader.obj
c:\github\openglworld\openglproject\openglproject\x64\debug\mesh.obj
c:\github\openglworld\openglproject\openglproject\x64\debug\model.obj
c:\github\openglworld\openglproject\openglproject\x64\debug\textureloader.obj
c:\github\openglworld\openglproject\openglproject\x64\debug\openglproject.res
c:\github\openglworld\openglproject\openglproject\x64\debug\openglproject.ilk
c:\github\openglworld\openglproject\x64\debug\openglproject.pdb
c:\github\openglworld\openglproject\openglproject\x64\debug\openglproject.tlog\cl.command.1.tlog
c:\github\openglworld\openglproject\openglproject\x64\debug\openglproject.tlog\cl.items.tlog
c:\github\openglworld\openglproject\openglproject\x64\debug\openglproject.tlog\cl.read.1.tlog
c:\github\openglworld\openglproject\openglproject\x64\debug\openglproject.tlog\cl.write.1.tlog
c:\github\openglworld\openglproject\openglproject\x64\debug\openglproject.tlog\link-cvtres.read.1.tlog
c:\github\openglworld\openglproject\openglproject\x64\debug\openglproject.tlog\link-cvtres.write.1.tlog
c:\github\openglworld\openglproject\openglproject\x64\debug\openglproject.tlog\link-rc.read.1.tlog
c:\github\openglworld\openglproject\openglproject\x64\debug\openglproject.tlog\link-rc.write.1.tlog
c:\github\openglworld\openglproject\openglproject\x64\debug\openglproject.tlog\link.401564-cvtres.read.1.tlog
c:\github\openglworld\openglproject\openglproject\x64\debug\openglproject.tlog\link.401564-cvtres.write.1.tlog
c:\github\openglworld\openglproject\openglproject\x64\debug\openglproject.tlog\link.401564-rc.read.1.tlog
c:\github\openglworld\openglproject\openglproject\x64\debug\openglproject.tlog\link.401564-rc.write.1.tlog
c:\github\openglworld\openglproject\openglproject\x64\debug\openglproject.tlog\link.401564.read.1.tlog
c:\github\openglworld\openglproject\openglproject\x64\debug\openglproject.tlog\link.401564.read.2.tlog
c:\github\openglworld\openglproject\openglproject\x64\debug\openglproject.tlog\link.401564.write.1.tlog
c:\github\openglworld\openglproject\openglproject\x64\debug\openglproject.tlog\link.command.1.tlog
c:\github\openglworld\openglproject\openglproject\x64\debug\openglproject.tlog\link.read.1.tlog
c:\github\openglworld\openglproject\openglproject\x64\debug\openglproject.tlog\link.read.2.tlog
c:\github\openglworld\openglproject\openglproject\x64\debug\openglproject.tlog\link.secondary.1.tlog
c:\github\openglworld\openglproject\openglproject\x64\debug\openglproject.tlog\link.write.1.tlog
c:\github\openglworld\openglproject\openglproject\x64\debug\openglproject.tlog\rc.command.1.tlog
c:\github\openglworld\openglproject\openglproject\x64\debug\openglproject.tlog\rc.read.1.tlog
c:\github\openglworld\openglproject\openglproject\x64\debug\openglproject.tlog\rc.write.1.tlog
